0 info it worked if it ends with ok
1 verbose cli [ 'C:\\software\\programacion\\nodejs\\node.exe',
1 verbose cli   'C:\\software\\programacion\\nodejs\\node_modules\\npm\\bin\\npm-cli.js',
1 verbose cli   'start' ]
2 info using npm@3.10.10
3 info using node@v6.11.3
4 verbose run-script [ 'prestart', 'start', 'poststart' ]
5 info lifecycle appet@0.0.0~prestart: appet@0.0.0
6 silly lifecycle appet@0.0.0~prestart: no script for prestart, continuing
7 info lifecycle appet@0.0.0~start: appet@0.0.0
8 verbose lifecycle appet@0.0.0~start: unsafe-perm in lifecycle true
9 verbose lifecycle appet@0.0.0~start: PATH: C:\software\programacion\nodejs\node_modules\npm\bin\node-gyp-bin;C:\hlocal\appet\node_modules\.bin;C:\Program Files\Haskell\bin;C:\software\programacion\haskell\Haskell2014p2\lib\extralibs\bin;C:\software\programacion\haskell\Haskell2014p2\bin;C:\ProgramData\Oracle\Java\javapath;C:\Program Files (x86)\NVIDIA Corporation\PhysX\Common;c:\Python27\Lib\site-packages\PyQt4;C:\software\programacion\INTELOpenCL\bin\x64;C:\software\programacion\INTELOpenCL\bin\x86;c:\software\programacion\CollabNet\SVNClient;C:\Program Files (x86)\Common Files\Microsoft Shared\Windows Live;C:\software\utilidades\LyX\MiKTeX-2.9\miktex\bin;C:\software\utilidades\LyX20\MiKTeX 2.9\miktex\bin;C:\software\bbdd\oracle\Ora11gr2_x64\cliente\bin;C:\Windows\system32;C:\Windows;C:\Windows\system32\wbem;C:\Windows\system32\windowspowershell\v1.0\;c:\software\PROGRA~1\CBUILD~1\Bin;c:\software\utilidades\LEd\MiKTeX 2.9\miktex\bin;C:\Program Files\Intel\DMIX;C:\software\programacion\Protege_3.4.8\Graphviz\bin;c:\software\electronica\modelsim\win64;C:\Program Files\Microsoft\Web Platform Installer\;C:\Program Files (x86)\Microsoft ASP.NET\ASP.NET Web Pages\v1.0\;C:\software\electronica\ARM\EclipseARM\sourcery-g++-lite-arm-2011.03\bin;c:\software\electronica\XSTOOLs;C:\Python27;C:\Python27\DLLs;C:\Python27\Scripts;c:\Python27\Lib\site-packages\vtk;c:\Python27\gnuplot\binary;c:\Python27\Lib\site-packages\osgeo;c:\software\programacion\pythonxy\SciTE-3.3.2-3;c:\software\programacion\pythonxy\console;C:\MinGW32-xy\bin;C:\Program Files (x86)\pythonxy\swig;c:\software\programacion\pythonxy\gettext\bin;C:\software\estadistica\SPSS\JRE\bin;C:\Program Files\Microsoft SQL Server\110\Tools\Binn\;C:\Program Files (x86)\Microsoft SDKs\TypeScript\1.0\;C:\Program Files\Microsoft SQL Server\120\Tools\Binn\;C:\software\programacion\haskell\Haskell2014p2\mingw\bin;C:\software\programacion\monodevelop\gtkNET\bin;c:\Program Files (x86)\GtkSharp\2.12\bin;C:\software\programacion\TortoiseSVN\bin;C:\software\programacion\TortoiseGit\bin;C:\software\programacion\nodejs\;C:\Program Files\Microsoft SQL Server\130\Tools\Binn\;C:\Program Files\dotnet\;C:\Program Files (x86)\Xoreax\IncrediBuild
10 verbose lifecycle appet@0.0.0~start: CWD: C:\hlocal\appet
11 silly lifecycle appet@0.0.0~start: Args: [ '/d /s /c', 'node bin/www' ]
12 verbose stack Error: kill ENOSYS
12 verbose stack     at exports._errnoException (util.js:1020:11)
12 verbose stack     at process.kill (internal/process.js:190:13)
12 verbose stack     at process.listener (C:\software\programacion\nodejs\node_modules\npm\node_modules\npmlog\node_modules\gauge\node_modules\signal-exit\index.js:86:15)
12 verbose stack     at emitNone (events.js:91:20)
12 verbose stack     at process.emit (events.js:185:7)
12 verbose stack     at processEmit (C:\software\programacion\nodejs\node_modules\npm\node_modules\npmlog\node_modules\gauge\node_modules\signal-exit\index.js:146:32)
12 verbose stack     at processEmit (C:\software\programacion\nodejs\node_modules\npm\node_modules\npm-registry-client\node_modules\npmlog\node_modules\gauge\node_modules\signal-exit\index.js:146:32)
12 verbose stack     at Signal.wrap.onsignal (internal/process.js:217:44)
13 verbose cwd C:\hlocal\appet
14 error Windows_NT 6.1.7601
15 error argv "C:\\software\\programacion\\nodejs\\node.exe" "C:\\software\\programacion\\nodejs\\node_modules\\npm\\bin\\npm-cli.js" "start"
16 error node v6.11.3
17 error npm  v3.10.10
18 error code ENOSYS
19 error errno ENOSYS
20 error syscall kill
21 error kill ENOSYS
22 error If you need help, you may report this error at:
22 error     <https://github.com/npm/npm/issues>
23 verbose exit [ 1, true ]
